05-May-2024 10:53:47.756 INFO [main] org.apache.catalina.startup.VersionLoggerListener.log Server version name:   Apache Tomcat/11.0.0-M19
05-May-2024 10:53:47.762 INFO [main] org.apache.catalina.startup.VersionLoggerListener.log Server built:          Apr 9 2024 12:06:10 UTC
05-May-2024 10:53:47.763 INFO [main] org.apache.catalina.startup.VersionLoggerListener.log Server version number: 11.0.0.0
05-May-2024 10:53:47.763 INFO [main] org.apache.catalina.startup.VersionLoggerListener.log OS Name:               Windows 11
05-May-2024 10:53:47.764 INFO [main] org.apache.catalina.startup.VersionLoggerListener.log OS Version:            10.0
05-May-2024 10:53:47.764 INFO [main] org.apache.catalina.startup.VersionLoggerListener.log Architecture:          amd64
05-May-2024 10:53:47.764 INFO [main] org.apache.catalina.startup.VersionLoggerListener.log Java Home:             C:\Program Files\Java\jdk-21
05-May-2024 10:53:47.764 INFO [main] org.apache.catalina.startup.VersionLoggerListener.log JVM Version:           21.0.2+13-LTS-58
05-May-2024 10:53:47.764 INFO [main] org.apache.catalina.startup.VersionLoggerListener.log JVM Vendor:            Oracle Corporation
05-May-2024 10:53:47.764 INFO [main] org.apache.catalina.startup.VersionLoggerListener.log CATALINA_BASE:         C:\Users\Silver\Workspace\project\utube\tomcat
05-May-2024 10:53:47.765 INFO [main] org.apache.catalina.startup.VersionLoggerListener.log CATALINA_HOME:         C:\Users\Silver\Workspace\project\utube\tomcat
05-May-2024 10:53:47.784 INFO [main] org.apache.catalina.startup.VersionLoggerListener.log Command line argument: -Djava.util.logging.config.file=C:\Users\Silver\Workspace\project\utube\tomcat\conf\logging.properties
05-May-2024 10:53:47.785 INFO [main] org.apache.catalina.startup.VersionLoggerListener.log Command line argument: -Djava.util.logging.manager=org.apache.juli.ClassLoaderLogManager
05-May-2024 10:53:47.785 INFO [main] org.apache.catalina.startup.VersionLoggerListener.log Command line argument: -Djdk.tls.ephemeralDHKeySize=2048
05-May-2024 10:53:47.786 INFO [main] org.apache.catalina.startup.VersionLoggerListener.log Command line argument: --add-opens=java.base/java.lang=ALL-UNNAMED
05-May-2024 10:53:47.786 INFO [main] org.apache.catalina.startup.VersionLoggerListener.log Command line argument: --add-opens=java.base/java.io=ALL-UNNAMED
05-May-2024 10:53:47.786 INFO [main] org.apache.catalina.startup.VersionLoggerListener.log Command line argument: --add-opens=java.base/java.util=ALL-UNNAMED
05-May-2024 10:53:47.786 INFO [main] org.apache.catalina.startup.VersionLoggerListener.log Command line argument: --add-opens=java.base/java.util.concurrent=ALL-UNNAMED
05-May-2024 10:53:47.787 INFO [main] org.apache.catalina.startup.VersionLoggerListener.log Command line argument: --add-opens=java.rmi/sun.rmi.transport=ALL-UNNAMED
05-May-2024 10:53:47.787 INFO [main] org.apache.catalina.startup.VersionLoggerListener.log Command line argument: --enable-native-access=ALL-UNNAMED
05-May-2024 10:53:47.787 INFO [main] org.apache.catalina.startup.VersionLoggerListener.log Command line argument: -Dcatalina.base=C:\Users\Silver\Workspace\project\utube\tomcat
05-May-2024 10:53:47.787 INFO [main] org.apache.catalina.startup.VersionLoggerListener.log Command line argument: -Dcatalina.home=C:\Users\Silver\Workspace\project\utube\tomcat
05-May-2024 10:53:47.787 INFO [main] org.apache.catalina.startup.VersionLoggerListener.log Command line argument: -Djava.io.tmpdir=C:\Users\Silver\Workspace\project\utube\tomcat\temp
05-May-2024 10:53:47.792 INFO [main] org.apache.catalina.core.AprLifecycleListener.lifecycleEvent Loaded Apache Tomcat Native library [2.0.7] using APR version [1.7.4].
05-May-2024 10:53:47.800 INFO [main] org.apache.catalina.core.AprLifecycleListener.initializeSSL OpenSSL successfully initialized [OpenSSL 3.0.13 30 Jan 2024]
05-May-2024 10:53:48.159 INFO [main] org.apache.coyote.AbstractProtocol.init Initializing ProtocolHandler ["http-nio-8080"]
05-May-2024 10:53:48.182 INFO [main] org.apache.catalina.startup.Catalina.load Server initialization in [647] milliseconds
05-May-2024 10:53:48.235 INFO [main] org.apache.catalina.core.StandardService.startInternal Starting service [Catalina]
05-May-2024 10:53:48.236 INFO [main] org.apache.catalina.core.StandardEngine.startInternal Starting Servlet engine: [Apache Tomcat/11.0.0-M19]
05-May-2024 10:53:48.259 INFO [main] org.apache.catalina.startup.HostConfig.deployWAR Deploying web application archive [C:\Users\Silver\Workspace\project\utube\tomcat\webapps\ROOT.war]
05-May-2024 10:53:48.499 INFO [main] org.apache.catalina.startup.HostConfig.deployWAR Deployment of web application archive [C:\Users\Silver\Workspace\project\utube\tomcat\webapps\ROOT.war] has finished in [239] ms
05-May-2024 10:53:48.502 INFO [main] org.apache.coyote.AbstractProtocol.start Starting ProtocolHandler ["http-nio-8080"]
05-May-2024 10:53:48.525 INFO [main] org.apache.catalina.startup.Catalina.start Server startup in [343] milliseconds
05-May-2024 10:57:38.738 INFO [Catalina-utility-1] org.apache.catalina.startup.HostConfig.undeploy Undeploying context []
05-May-2024 10:57:38.766 INFO [Catalina-utility-1] org.apache.catalina.startup.HostConfig.deployWAR Deploying web application archive [C:\Users\Silver\Workspace\project\utube\tomcat\webapps\ROOT.war]
05-May-2024 10:57:39.245 INFO [Catalina-utility-1] org.apache.jasper.servlet.TldScanner.scanJars At least one JAR was scanned for TLDs yet contained no TLDs. Enable debug logging for this logger for a complete list of JARs that were scanned but no TLDs were found in them. Skipping unneeded JARs during scanning can improve startup time and JSP compilation time.
05-May-2024 10:57:39.255 INFO [Catalina-utility-1] org.apache.catalina.startup.HostConfig.deployWAR Deployment of web application archive [C:\Users\Silver\Workspace\project\utube\tomcat\webapps\ROOT.war] has finished in [488] ms
05-May-2024 10:58:29.555 INFO [Thread-1] org.apache.coyote.AbstractProtocol.pause Pausing ProtocolHandler ["http-nio-8080"]
05-May-2024 10:58:29.555 INFO [Thread-1] org.apache.catalina.core.StandardService.stopInternal Stopping service [Catalina]
05-May-2024 10:58:29.570 INFO [Thread-1] org.apache.coyote.AbstractProtocol.stop Stopping ProtocolHandler ["http-nio-8080"]
05-May-2024 10:58:29.586 INFO [Thread-1] org.apache.coyote.AbstractProtocol.destroy Destroying ProtocolHandler ["http-nio-8080"]
05-May-2024 10:59:38.087 INFO [main] org.apache.catalina.startup.VersionLoggerListener.log Server version name:   Apache Tomcat/11.0.0-M19
05-May-2024 10:59:38.095 INFO [main] org.apache.catalina.startup.VersionLoggerListener.log Server built:          Apr 9 2024 12:06:10 UTC
05-May-2024 10:59:38.096 INFO [main] org.apache.catalina.startup.VersionLoggerListener.log Server version number: 11.0.0.0
05-May-2024 10:59:38.097 INFO [main] org.apache.catalina.startup.VersionLoggerListener.log OS Name:               Windows 11
05-May-2024 10:59:38.098 INFO [main] org.apache.catalina.startup.VersionLoggerListener.log OS Version:            10.0
05-May-2024 10:59:38.099 INFO [main] org.apache.catalina.startup.VersionLoggerListener.log Architecture:          amd64
05-May-2024 10:59:38.100 INFO [main] org.apache.catalina.startup.VersionLoggerListener.log Java Home:             C:\Program Files\Java\jdk-21
05-May-2024 10:59:38.100 INFO [main] org.apache.catalina.startup.VersionLoggerListener.log JVM Version:           21.0.2+13-LTS-58
05-May-2024 10:59:38.101 INFO [main] org.apache.catalina.startup.VersionLoggerListener.log JVM Vendor:            Oracle Corporation
05-May-2024 10:59:38.101 INFO [main] org.apache.catalina.startup.VersionLoggerListener.log CATALINA_BASE:         C:\Users\Silver\Workspace\project\uTube\tomcat
05-May-2024 10:59:38.102 INFO [main] org.apache.catalina.startup.VersionLoggerListener.log CATALINA_HOME:         C:\Users\Silver\Workspace\project\uTube\tomcat
05-May-2024 10:59:38.124 INFO [main] org.apache.catalina.startup.VersionLoggerListener.log Command line argument: -Djava.util.logging.config.file=C:\Users\Silver\Workspace\project\uTube\tomcat\conf\logging.properties
05-May-2024 10:59:38.124 INFO [main] org.apache.catalina.startup.VersionLoggerListener.log Command line argument: -Djava.util.logging.manager=org.apache.juli.ClassLoaderLogManager
05-May-2024 10:59:38.124 INFO [main] org.apache.catalina.startup.VersionLoggerListener.log Command line argument: -Djdk.tls.ephemeralDHKeySize=2048
05-May-2024 10:59:38.124 INFO [main] org.apache.catalina.startup.VersionLoggerListener.log Command line argument: --add-opens=java.base/java.lang=ALL-UNNAMED
05-May-2024 10:59:38.124 INFO [main] org.apache.catalina.startup.VersionLoggerListener.log Command line argument: --add-opens=java.base/java.io=ALL-UNNAMED
05-May-2024 10:59:38.124 INFO [main] org.apache.catalina.startup.VersionLoggerListener.log Command line argument: --add-opens=java.base/java.util=ALL-UNNAMED
05-May-2024 10:59:38.125 INFO [main] org.apache.catalina.startup.VersionLoggerListener.log Command line argument: --add-opens=java.base/java.util.concurrent=ALL-UNNAMED
05-May-2024 10:59:38.125 INFO [main] org.apache.catalina.startup.VersionLoggerListener.log Command line argument: --add-opens=java.rmi/sun.rmi.transport=ALL-UNNAMED
05-May-2024 10:59:38.125 INFO [main] org.apache.catalina.startup.VersionLoggerListener.log Command line argument: --enable-native-access=ALL-UNNAMED
05-May-2024 10:59:38.125 INFO [main] org.apache.catalina.startup.VersionLoggerListener.log Command line argument: -Dcatalina.base=C:\Users\Silver\Workspace\project\uTube\tomcat
05-May-2024 10:59:38.125 INFO [main] org.apache.catalina.startup.VersionLoggerListener.log Command line argument: -Dcatalina.home=C:\Users\Silver\Workspace\project\uTube\tomcat
05-May-2024 10:59:38.126 INFO [main] org.apache.catalina.startup.VersionLoggerListener.log Command line argument: -Djava.io.tmpdir=C:\Users\Silver\Workspace\project\uTube\tomcat\temp
05-May-2024 10:59:38.130 INFO [main] org.apache.catalina.core.AprLifecycleListener.lifecycleEvent Loaded Apache Tomcat Native library [2.0.7] using APR version [1.7.4].
05-May-2024 10:59:38.138 INFO [main] org.apache.catalina.core.AprLifecycleListener.initializeSSL OpenSSL successfully initialized [OpenSSL 3.0.13 30 Jan 2024]
05-May-2024 10:59:38.358 INFO [main] org.apache.coyote.AbstractProtocol.init Initializing ProtocolHandler ["http-nio-8080"]
05-May-2024 10:59:38.375 INFO [main] org.apache.catalina.startup.Catalina.load Server initialization in [494] milliseconds
05-May-2024 10:59:38.414 INFO [main] org.apache.catalina.core.StandardService.startInternal Starting service [Catalina]
05-May-2024 10:59:38.415 INFO [main] org.apache.catalina.core.StandardEngine.startInternal Starting Servlet engine: [Apache Tomcat/11.0.0-M19]
05-May-2024 10:59:38.430 INFO [main] org.apache.catalina.startup.HostConfig.deployWAR Deploying web application archive [C:\Users\Silver\Workspace\project\uTube\tomcat\webapps\ROOT.war]
05-May-2024 10:59:38.446 INFO [main] org.apache.catalina.startup.ExpandWar.expand An expanded directory [C:\Users\Silver\Workspace\project\uTube\tomcat\webapps\ROOT] was found with a last modified time that did not match the associated WAR. It will be deleted.
05-May-2024 10:59:39.467 INFO [main] org.apache.jasper.servlet.TldScanner.scanJars At least one JAR was scanned for TLDs yet contained no TLDs. Enable debug logging for this logger for a complete list of JARs that were scanned but no TLDs were found in them. Skipping unneeded JARs during scanning can improve startup time and JSP compilation time.
05-May-2024 10:59:39.510 INFO [main] org.apache.catalina.startup.HostConfig.deployWAR Deployment of web application archive [C:\Users\Silver\Workspace\project\uTube\tomcat\webapps\ROOT.war] has finished in [1,080] ms
05-May-2024 10:59:39.514 INFO [main] org.apache.coyote.AbstractProtocol.start Starting ProtocolHandler ["http-nio-8080"]
05-May-2024 10:59:39.544 INFO [main] org.apache.catalina.startup.Catalina.start Server startup in [1166] milliseconds
05-May-2024 10:59:48.322 INFO [Thread-1] org.apache.coyote.AbstractProtocol.pause Pausing ProtocolHandler ["http-nio-8080"]
05-May-2024 10:59:48.322 INFO [Thread-1] org.apache.catalina.core.StandardService.stopInternal Stopping service [Catalina]
05-May-2024 10:59:48.338 INFO [Thread-1] org.apache.coyote.AbstractProtocol.stop Stopping ProtocolHandler ["http-nio-8080"]
05-May-2024 10:59:48.354 INFO [Thread-1] org.apache.coyote.AbstractProtocol.destroy Destroying ProtocolHandler ["http-nio-8080"]
05-May-2024 11:05:07.434 INFO [main] org.apache.catalina.startup.VersionLoggerListener.log Server version name:   Apache Tomcat/11.0.0-M19
05-May-2024 11:05:07.449 INFO [main] org.apache.catalina.startup.VersionLoggerListener.log Server built:          Apr 9 2024 12:06:10 UTC
05-May-2024 11:05:07.449 INFO [main] org.apache.catalina.startup.VersionLoggerListener.log Server version number: 11.0.0.0
05-May-2024 11:05:07.449 INFO [main] org.apache.catalina.startup.VersionLoggerListener.log OS Name:               Windows 11
05-May-2024 11:05:07.449 INFO [main] org.apache.catalina.startup.VersionLoggerListener.log OS Version:            10.0
05-May-2024 11:05:07.449 INFO [main] org.apache.catalina.startup.VersionLoggerListener.log Architecture:          amd64
05-May-2024 11:05:07.449 INFO [main] org.apache.catalina.startup.VersionLoggerListener.log Java Home:             C:\Program Files\Java\jdk-21
05-May-2024 11:05:07.449 INFO [main] org.apache.catalina.startup.VersionLoggerListener.log JVM Version:           21.0.2+13-LTS-58
05-May-2024 11:05:07.449 INFO [main] org.apache.catalina.startup.VersionLoggerListener.log JVM Vendor:            Oracle Corporation
05-May-2024 11:05:07.449 INFO [main] org.apache.catalina.startup.VersionLoggerListener.log CATALINA_BASE:         C:\Users\Silver\Workspace\project\uTube\tomcat
05-May-2024 11:05:07.449 INFO [main] org.apache.catalina.startup.VersionLoggerListener.log CATALINA_HOME:         C:\Users\Silver\Workspace\project\uTube\tomcat
05-May-2024 11:05:07.465 INFO [main] org.apache.catalina.startup.VersionLoggerListener.log Command line argument: -Djava.util.logging.config.file=C:\Users\Silver\Workspace\project\uTube\tomcat\conf\logging.properties
05-May-2024 11:05:07.465 INFO [main] org.apache.catalina.startup.VersionLoggerListener.log Command line argument: -Djava.util.logging.manager=org.apache.juli.ClassLoaderLogManager
05-May-2024 11:05:07.465 INFO [main] org.apache.catalina.startup.VersionLoggerListener.log Command line argument: -Djdk.tls.ephemeralDHKeySize=2048
05-May-2024 11:05:07.465 INFO [main] org.apache.catalina.startup.VersionLoggerListener.log Command line argument: --add-opens=java.base/java.lang=ALL-UNNAMED
05-May-2024 11:05:07.465 INFO [main] org.apache.catalina.startup.VersionLoggerListener.log Command line argument: --add-opens=java.base/java.io=ALL-UNNAMED
05-May-2024 11:05:07.465 INFO [main] org.apache.catalina.startup.VersionLoggerListener.log Command line argument: --add-opens=java.base/java.util=ALL-UNNAMED
05-May-2024 11:05:07.465 INFO [main] org.apache.catalina.startup.VersionLoggerListener.log Command line argument: --add-opens=java.base/java.util.concurrent=ALL-UNNAMED
05-May-2024 11:05:07.465 INFO [main] org.apache.catalina.startup.VersionLoggerListener.log Command line argument: --add-opens=java.rmi/sun.rmi.transport=ALL-UNNAMED
05-May-2024 11:05:07.465 INFO [main] org.apache.catalina.startup.VersionLoggerListener.log Command line argument: --enable-native-access=ALL-UNNAMED
05-May-2024 11:05:07.465 INFO [main] org.apache.catalina.startup.VersionLoggerListener.log Command line argument: -Dcatalina.base=C:\Users\Silver\Workspace\project\uTube\tomcat
05-May-2024 11:05:07.465 INFO [main] org.apache.catalina.startup.VersionLoggerListener.log Command line argument: -Dcatalina.home=C:\Users\Silver\Workspace\project\uTube\tomcat
05-May-2024 11:05:07.465 INFO [main] org.apache.catalina.startup.VersionLoggerListener.log Command line argument: -Djava.io.tmpdir=C:\Users\Silver\Workspace\project\uTube\tomcat\temp
05-May-2024 11:05:07.465 INFO [main] org.apache.catalina.core.AprLifecycleListener.lifecycleEvent Loaded Apache Tomcat Native library [2.0.7] using APR version [1.7.4].
05-May-2024 11:05:07.465 INFO [main] org.apache.catalina.core.AprLifecycleListener.initializeSSL OpenSSL successfully initialized [OpenSSL 3.0.13 30 Jan 2024]
05-May-2024 11:05:07.782 INFO [main] org.apache.coyote.AbstractProtocol.init Initializing ProtocolHandler ["http-nio-8080"]
05-May-2024 11:05:07.811 INFO [main] org.apache.catalina.startup.Catalina.load Server initialization in [511] milliseconds
05-May-2024 11:05:07.875 INFO [main] org.apache.catalina.core.StandardService.startInternal Starting service [Catalina]
05-May-2024 11:05:07.876 INFO [main] org.apache.catalina.core.StandardEngine.startInternal Starting Servlet engine: [Apache Tomcat/11.0.0-M19]
05-May-2024 11:05:07.916 INFO [main] org.apache.catalina.startup.HostConfig.deployWAR Deploying web application archive [C:\Users\Silver\Workspace\project\uTube\tomcat\webapps\ROOT.war]
05-May-2024 11:05:07.960 INFO [main] org.apache.catalina.startup.ExpandWar.expand An expanded directory [C:\Users\Silver\Workspace\project\uTube\tomcat\webapps\ROOT] was found with a last modified time that did not match the associated WAR. It will be deleted.
05-May-2024 11:05:08.836 INFO [main] org.apache.jasper.servlet.TldScanner.scanJars At least one JAR was scanned for TLDs yet contained no TLDs. Enable debug logging for this logger for a complete list of JARs that were scanned but no TLDs were found in them. Skipping unneeded JARs during scanning can improve startup time and JSP compilation time.
05-May-2024 11:05:08.867 INFO [main] org.apache.catalina.startup.HostConfig.deployWAR Deployment of web application archive [C:\Users\Silver\Workspace\project\uTube\tomcat\webapps\ROOT.war] has finished in [951] ms
05-May-2024 11:05:08.867 INFO [main] org.apache.coyote.AbstractProtocol.start Starting ProtocolHandler ["http-nio-8080"]
05-May-2024 11:05:08.899 INFO [main] org.apache.catalina.startup.Catalina.start Server startup in [1092] milliseconds
